Using pre-set license
Built from '2020.3/staging' branch; Version is '2020.3.3f1 (76626098c1c4) revision 7758432'; Using compiler version '192528614'; Build Type 'Release'
OS: 'Windows 10 Home Single Language; OS build 19042.1052; Version 2009; 64bit' Language: 'ru' Physical Memory: 16269 MB
BatchMode: 1, IsHumanControllingUs: 0, StartBugReporterOnCrash: 0, Is64bit: 1, IsPro: 0

 COMMAND LINE ARGUMENTS:
D:\Programs\Unity 2020\2020.3.3f1\Editor\Unity.exe
-adb2
-batchMode
-noUpm
-name
AssetImportWorker0
-projectPath
D:/Repos/2dProj2
-logFile
Logs/AssetImportWorker0.log
-srvPort
49904
Successfully changed project path to: D:/Repos/2dProj2
D:/Repos/2dProj2
Using Asset Import Pipeline V2.
Refreshing native plugins compatible for Editor in 52.60 ms, found 1 plugins.
Preloading 0 native plugins for Editor in 0.00 ms.
Initialize engine version: 2020.3.3f1 (76626098c1c4)
[Subsystems] Discovering subsystems at path D:/Programs/Unity 2020/2020.3.3f1/Editor/Data/Resources/UnitySubsystems
[Subsystems] Discovering subsystems at path D:/Repos/2dProj2/Assets
GfxDevice: creating device client; threaded=0
Direct3D:
    Version:  Direct3D 11.0 [level 11.1]
    Renderer: NVIDIA GeForce GTX 1060 (ID=0x1c20)
    Vendor:   
    VRAM:     6052 MB
    Driver:   27.21.14.6089
Initialize mono
Mono path[0] = 'D:/Programs/Unity 2020/2020.3.3f1/Editor/Data/Managed'
Mono path[1] = 'D:/Programs/Unity 2020/2020.3.3f1/Editor/Data/MonoBleedingEdge/lib/mono/unityjit'
Mono config path = 'D:/Programs/Unity 2020/2020.3.3f1/Editor/Data/MonoBleedingEdge/etc'
Using monoOptions --debugger-agent=transport=dt_socket,embedding=1,server=y,suspend=n,address=127.0.0.1:56144
Begin MonoManager ReloadAssembly
Registering precompiled unity dll's ...
Register platform support module: D:/Programs/Unity 2020/2020.3.3f1/Editor/Data/PlaybackEngines/WebGLSupport/UnityEditor.WebGL.Extensions.dll
Register platform support module: D:/Programs/Unity 2020/2020.3.3f1/Editor/Data/PlaybackEngines/WindowsStandaloneSupport/UnityEditor.WindowsStandalone.Extensions.dll
Registered in 0.001927 seconds.
Native extension for WindowsStandalone target not found
Native extension for WebGL target not found
Refreshing native plugins compatible for Editor in 53.78 ms, found 1 plugins.
Preloading 0 native plugins for Editor in 0.00 ms.
Invoked RoslynAnalysisRunner static constructor.
RoslynAnalysisRunner will not be running.
RoslynAnalysisRunner has terminated.
Mono: successfully reloaded assembly
- Completed reload, in  1.314 seconds
Platform modules already initialized, skipping
Registering precompiled user dll's ...
Registered in 0.002008 seconds.
Begin MonoManager ReloadAssembly
Native extension for WindowsStandalone target not found
Native extension for WebGL target not found
Refreshing native plugins compatible for Editor in 58.46 ms, found 1 plugins.
Preloading 0 native plugins for Editor in 0.00 ms.
Invoked RoslynAnalysisRunner static constructor.
RoslynAnalysisRunner will not be running.
RoslynAnalysisRunner has terminated.
Mono: successfully reloaded assembly
- Completed reload, in  1.412 seconds
Platform modules already initialized, skipping
========================================================================
Worker process is ready to serve import requests
Launched and connected shader compiler UnityShaderCompiler.exe after 0.07 seconds
Refreshing native plugins compatible for Editor in 0.86 ms, found 1 plugins.
Preloading 0 native plugins for Editor in 0.00 ms.
Unloading 1826 Unused Serialized files (Serialized files now loaded: 0)
System memory in use before: 85.6 MB.
System memory in use after: 85.6 MB.

Unloading 21 unused Assets to reduce memory usage. Loaded Objects now: 2277.
Total: 4.325600 ms (FindLiveObjects: 0.415500 ms CreateObjectMapping: 0.164700 ms MarkObjects: 3.633900 ms  DeleteObjects: 0.104600 ms)

========================================================================
Received Import Request.
  path: Assets/Scripts/AnimationSwitcher.cs
  artifactKey: Guid(a8a708c3e5d3baf47928e628f2473c64) Importer(815301076,1909f56bfc062723c751e8b465ee728b)
Start importing Assets/Scripts/AnimationSwitcher.cs using Guid(a8a708c3e5d3baf47928e628f2473c64) Importer(815301076,1909f56bfc062723c751e8b465ee728b)  -> (artifact id: '5dd18e61891ce0e95f2e29d0eee1a3c6') in 0.065240 seconds
  Import took 0.270916 seconds .

========================================================================
Received Prepare
Registering precompiled user dll's ...
Registered in 0.001603 seconds.
Begin MonoManager ReloadAssembly
Native extension for WindowsStandalone target not found
Native extension for WebGL target not found
Refreshing native plugins compatible for Editor in 0.42 ms, found 1 plugins.
Preloading 0 native plugins for Editor in 0.00 ms.
Invoked RoslynAnalysisRunner static constructor.
RoslynAnalysisRunner will not be running.
RoslynAnalysisRunner has terminated.
Mono: successfully reloaded assembly
- Completed reload, in  1.101 seconds
Platform modules already initialized, skipping
Refreshing native plugins compatible for Editor in 0.42 ms, found 1 plugins.
Preloading 0 native plugins for Editor in 0.00 ms.
Unloading 1816 Unused Serialized files (Serialized files now loaded: 0)
System memory in use before: 85.0 MB.
System memory in use after: 85.1 MB.

Unloading 9 unused Assets to reduce memory usage. Loaded Objects now: 2281.
Total: 1.990600 ms (FindLiveObjects: 0.236200 ms CreateObjectMapping: 0.060500 ms MarkObjects: 1.668300 ms  DeleteObjects: 0.024100 ms)

========================================================================
Received Import Request.
  Time since last request: 136.631988 seconds.
  path: Assets/Scripts/AnimationSwitcher.cs
  artifactKey: Guid(a8a708c3e5d3baf47928e628f2473c64) Importer(815301076,1909f56bfc062723c751e8b465ee728b)
Start importing Assets/Scripts/AnimationSwitcher.cs using Guid(a8a708c3e5d3baf47928e628f2473c64) Importer(815301076,1909f56bfc062723c751e8b465ee728b)  -> (artifact id: '13a14735cd0972cbdb3169957e51cb77') in 0.005220 seconds
  Import took 0.147366 seconds .

========================================================================
Received Import Request.
  Time since last request: 3.547140 seconds.
  path: Assets/Scripts/Coin.cs
  artifactKey: Guid(0fff0ce9d75d2684eb90e04fbb851754) Importer(815301076,1909f56bfc062723c751e8b465ee728b)
Start importing Assets/Scripts/Coin.cs using Guid(0fff0ce9d75d2684eb90e04fbb851754) Importer(815301076,1909f56bfc062723c751e8b465ee728b)  -> (artifact id: '9f2679b9840a7b6162b3b1a72fa8333e') in 0.004082 seconds
  Import took 0.121256 seconds .

========================================================================
Received Import Request.
  Time since last request: 0.000795 seconds.
  path: Assets/Scripts/CoinSpawner.cs
  artifactKey: Guid(45e95f72d94cf7b4983f093d3ce02101) Importer(815301076,1909f56bfc062723c751e8b465ee728b)
Start importing Assets/Scripts/CoinSpawner.cs using Guid(45e95f72d94cf7b4983f093d3ce02101) Importer(815301076,1909f56bfc062723c751e8b465ee728b)  -> (artifact id: 'e41cf8a0201121323fafeae0a0002447') in 0.003984 seconds
  Import took 0.050685 seconds .

========================================================================
Received Import Request.
  Time since last request: 239.098992 seconds.
  path: Assets/Scripts/Enemy.cs
  artifactKey: Guid(9f72bf49a6ada904f8612d01222b4dfa) Importer(815301076,1909f56bfc062723c751e8b465ee728b)
Start importing Assets/Scripts/Enemy.cs using Guid(9f72bf49a6ada904f8612d01222b4dfa) Importer(815301076,1909f56bfc062723c751e8b465ee728b)  -> (artifact id: 'afe19ac8969cd7a71967f04c22421b19') in 0.004335 seconds
  Import took 0.146286 seconds .

========================================================================
Received Prepare
Registering precompiled user dll's ...
Registered in 0.001957 seconds.
Begin MonoManager ReloadAssembly
Native extension for WindowsStandalone target not found
Native extension for WebGL target not found
Refreshing native plugins compatible for Editor in 0.40 ms, found 1 plugins.
Preloading 0 native plugins for Editor in 0.00 ms.
Invoked RoslynAnalysisRunner static constructor.
RoslynAnalysisRunner will not be running.
RoslynAnalysisRunner has terminated.
Mono: successfully reloaded assembly
- Completed reload, in  0.992 seconds
Platform modules already initialized, skipping
Refreshing native plugins compatible for Editor in 0.48 ms, found 1 plugins.
Preloading 0 native plugins for Editor in 0.00 ms.
Unloading 1816 Unused Serialized files (Serialized files now loaded: 0)
System memory in use before: 85.1 MB.
System memory in use after: 85.2 MB.

Unloading 9 unused Assets to reduce memory usage. Loaded Objects now: 2285.
Total: 2.390400 ms (FindLiveObjects: 0.292900 ms CreateObjectMapping: 0.065900 ms MarkObjects: 1.989200 ms  DeleteObjects: 0.040700 ms)

========================================================================
Received Import Request.
  Time since last request: 18.653682 seconds.
  path: Assets/Resources
  artifactKey: Guid(4452cddd9a0bde74489a59d34784a225) Importer(815301076,1909f56bfc062723c751e8b465ee728b)
Start importing Assets/Resources using Guid(4452cddd9a0bde74489a59d34784a225) Importer(815301076,1909f56bfc062723c751e8b465ee728b)  -> (artifact id: 'db08d83188daafd7aaeba040ec07cc66') in 0.006739 seconds
  Import took 0.134736 seconds .

========================================================================
Received Import Request.
  Time since last request: 0.000809 seconds.
  path: Assets/Scripts/Enemy.cs
  artifactKey: Guid(9f72bf49a6ada904f8612d01222b4dfa) Importer(815301076,1909f56bfc062723c751e8b465ee728b)
Start importing Assets/Scripts/Enemy.cs using Guid(9f72bf49a6ada904f8612d01222b4dfa) Importer(815301076,1909f56bfc062723c751e8b465ee728b)  -> (artifact id: 'b24c1af02b67af403cbe7a2bc52ed8e8') in 0.009119 seconds
  Import took 0.064898 seconds .

========================================================================
Received Import Request.
  Time since last request: 0.000843 seconds.
  path: Assets/Scripts/EnemyMovement.cs
  artifactKey: Guid(ca3d6de2578ee924291fcf41f2a8934b) Importer(815301076,1909f56bfc062723c751e8b465ee728b)
Start importing Assets/Scripts/EnemyMovement.cs using Guid(ca3d6de2578ee924291fcf41f2a8934b) Importer(815301076,1909f56bfc062723c751e8b465ee728b)  -> (artifact id: '3fbd1eec80cc1785561ca0002bcd12ea') in 0.003965 seconds
  Import took 0.067623 seconds .

========================================================================
Received Import Request.
  Time since last request: 33.877383 seconds.
  path: Assets/Scripts/ItemCollector.cs
  artifactKey: Guid(9d765a879e0f7ea448e4df687a4c8699) Importer(815301076,1909f56bfc062723c751e8b465ee728b)
Start importing Assets/Scripts/ItemCollector.cs using Guid(9d765a879e0f7ea448e4df687a4c8699) Importer(815301076,1909f56bfc062723c751e8b465ee728b)  -> (artifact id: '43d0de422e55176f41a7726fc61cc628') in 0.004029 seconds
  Import took 0.166630 seconds .

========================================================================
Received Prepare
Registering precompiled user dll's ...
Registered in 0.001698 seconds.
Begin MonoManager ReloadAssembly
Native extension for WindowsStandalone target not found
Native extension for WebGL target not found
Refreshing native plugins compatible for Editor in 0.40 ms, found 1 plugins.
Preloading 0 native plugins for Editor in 0.00 ms.
Invoked RoslynAnalysisRunner static constructor.
RoslynAnalysisRunner will not be running.
RoslynAnalysisRunner has terminated.
Mono: successfully reloaded assembly
- Completed reload, in  1.043 seconds
Platform modules already initialized, skipping
Refreshing native plugins compatible for Editor in 0.51 ms, found 1 plugins.
Preloading 0 native plugins for Editor in 0.00 ms.
Unloading 1816 Unused Serialized files (Serialized files now loaded: 0)
System memory in use before: 85.1 MB.
System memory in use after: 85.2 MB.

Unloading 9 unused Assets to reduce memory usage. Loaded Objects now: 2289.
Total: 2.295000 ms (FindLiveObjects: 0.261400 ms CreateObjectMapping: 0.058600 ms MarkObjects: 1.937700 ms  DeleteObjects: 0.036000 ms)

========================================================================
Received Import Request.
  Time since last request: 43.681982 seconds.
  path: Assets/Prefabs/CoinSpawnPoint.prefab
  artifactKey: Guid(7684287a4ed43954d8329056d5818e1d) Importer(815301076,1909f56bfc062723c751e8b465ee728b)
Start importing Assets/Prefabs/CoinSpawnPoint.prefab using Guid(7684287a4ed43954d8329056d5818e1d) Importer(815301076,1909f56bfc062723c751e8b465ee728b)  -> (artifact id: '60b4f440083604a04e269527eb92f6f5') in 0.101568 seconds
  Import took 0.135221 seconds .

========================================================================
Received Import Request.
  Time since last request: 3.576888 seconds.
  path: Assets/Scripts/PlayerMovement.cs
  artifactKey: Guid(634ab04af9a3d31478ecd9187c9a8ba6) Importer(815301076,1909f56bfc062723c751e8b465ee728b)
Start importing Assets/Scripts/PlayerMovement.cs using Guid(634ab04af9a3d31478ecd9187c9a8ba6) Importer(815301076,1909f56bfc062723c751e8b465ee728b)  -> (artifact id: '25f4699d643b539aaa921307e513143d') in 0.003796 seconds
  Import took 0.079432 seconds .

========================================================================
Received Prepare
Registering precompiled user dll's ...
Registered in 0.001639 seconds.
Begin MonoManager ReloadAssembly
Native extension for WindowsStandalone target not found
Native extension for WebGL target not found
Refreshing native plugins compatible for Editor in 0.42 ms, found 1 plugins.
Preloading 0 native plugins for Editor in 0.00 ms.
Invoked RoslynAnalysisRunner static constructor.
RoslynAnalysisRunner will not be running.
RoslynAnalysisRunner has terminated.
Mono: successfully reloaded assembly
- Completed reload, in  1.023 seconds
Platform modules already initialized, skipping
Refreshing native plugins compatible for Editor in 0.40 ms, found 1 plugins.
Preloading 0 native plugins for Editor in 0.00 ms.
Unloading 1816 Unused Serialized files (Serialized files now loaded: 0)
System memory in use before: 88.2 MB.
System memory in use after: 88.3 MB.

Unloading 9 unused Assets to reduce memory usage. Loaded Objects now: 2300.
Total: 2.632200 ms (FindLiveObjects: 0.290800 ms CreateObjectMapping: 0.053100 ms MarkObjects: 2.242800 ms  DeleteObjects: 0.043800 ms)

========================================================================
Received Prepare
Registering precompiled user dll's ...
Registered in 0.002037 seconds.
Begin MonoManager ReloadAssembly
Native extension for WindowsStandalone target not found
Native extension for WebGL target not found
Refreshing native plugins compatible for Editor in 0.50 ms, found 1 plugins.
Preloading 0 native plugins for Editor in 0.00 ms.
Invoked RoslynAnalysisRunner static constructor.
RoslynAnalysisRunner will not be running.
RoslynAnalysisRunner has terminated.
Mono: successfully reloaded assembly
- Completed reload, in  0.977 seconds
Platform modules already initialized, skipping
Refreshing native plugins compatible for Editor in 0.42 ms, found 1 plugins.
Preloading 0 native plugins for Editor in 0.00 ms.
Unloading 1816 Unused Serialized files (Serialized files now loaded: 0)
System memory in use before: 88.2 MB.
System memory in use after: 88.3 MB.

Unloading 9 unused Assets to reduce memory usage. Loaded Objects now: 2304.
Total: 2.161800 ms (FindLiveObjects: 0.188700 ms CreateObjectMapping: 0.064500 ms MarkObjects: 1.861200 ms  DeleteObjects: 0.045700 ms)

========================================================================
Received Import Request.
  Time since last request: 185.136423 seconds.
  path: Assets/Scripts/PlayerMovement.cs
  artifactKey: Guid(634ab04af9a3d31478ecd9187c9a8ba6) Importer(815301076,1909f56bfc062723c751e8b465ee728b)
Start importing Assets/Scripts/PlayerMovement.cs using Guid(634ab04af9a3d31478ecd9187c9a8ba6) Importer(815301076,1909f56bfc062723c751e8b465ee728b)  -> (artifact id: '789a0fb61fa78df52e41204412b12045') in 0.006277 seconds
  Import took 0.051340 seconds .

