Using pre-set license
Built from '2020.3/staging' branch; Version is '2020.3.3f1 (76626098c1c4) revision 7758432'; Using compiler version '192528614'; Build Type 'Release'
OS: 'Windows 10 Home Single Language; OS build 19042.985; Version 2009; 64bit' Language: 'ru' Physical Memory: 16269 MB
BatchMode: 1, IsHumanControllingUs: 0, StartBugReporterOnCrash: 0, Is64bit: 1, IsPro: 0

 COMMAND LINE ARGUMENTS:
D:\Programs\Unity 2020\2020.3.3f1\Editor\Unity.exe
-adb2
-batchMode
-noUpm
-name
AssetImportWorker0
-projectPath
D:/Repos/2dProj2
-logFile
Logs/AssetImportWorker0.log
-srvPort
58297
Successfully changed project path to: D:/Repos/2dProj2
D:/Repos/2dProj2
Using Asset Import Pipeline V2.
Refreshing native plugins compatible for Editor in 47.19 ms, found 1 plugins.
Preloading 0 native plugins for Editor in 0.00 ms.
Initialize engine version: 2020.3.3f1 (76626098c1c4)
[Subsystems] Discovering subsystems at path D:/Programs/Unity 2020/2020.3.3f1/Editor/Data/Resources/UnitySubsystems
[Subsystems] Discovering subsystems at path D:/Repos/2dProj2/Assets
GfxDevice: creating device client; threaded=0
Direct3D:
    Version:  Direct3D 11.0 [level 11.1]
    Renderer: NVIDIA GeForce GTX 1060 (ID=0x1c20)
    Vendor:   
    VRAM:     6052 MB
    Driver:   27.21.14.6089
Initialize mono
Mono path[0] = 'D:/Programs/Unity 2020/2020.3.3f1/Editor/Data/Managed'
Mono path[1] = 'D:/Programs/Unity 2020/2020.3.3f1/Editor/Data/MonoBleedingEdge/lib/mono/unityjit'
Mono config path = 'D:/Programs/Unity 2020/2020.3.3f1/Editor/Data/MonoBleedingEdge/etc'
Using monoOptions --debugger-agent=transport=dt_socket,embedding=1,server=y,suspend=n,address=127.0.0.1:56528
Begin MonoManager ReloadAssembly
Registering precompiled unity dll's ...
Register platform support module: D:/Programs/Unity 2020/2020.3.3f1/Editor/Data/PlaybackEngines/WebGLSupport/UnityEditor.WebGL.Extensions.dll
Register platform support module: D:/Programs/Unity 2020/2020.3.3f1/Editor/Data/PlaybackEngines/WindowsStandaloneSupport/UnityEditor.WindowsStandalone.Extensions.dll
Registered in 0.001598 seconds.
Native extension for WindowsStandalone target not found
Native extension for WebGL target not found
Refreshing native plugins compatible for Editor in 46.51 ms, found 1 plugins.
Preloading 0 native plugins for Editor in 0.00 ms.
Invoked RoslynAnalysisRunner static constructor.
RoslynAnalysisRunner will not be running.
RoslynAnalysisRunner has terminated.
Mono: successfully reloaded assembly
- Completed reload, in  1.125 seconds
Platform modules already initialized, skipping
Registering precompiled user dll's ...
Registered in 0.000945 seconds.
Begin MonoManager ReloadAssembly
Native extension for WindowsStandalone target not found
Native extension for WebGL target not found
Refreshing native plugins compatible for Editor in 49.88 ms, found 1 plugins.
Preloading 0 native plugins for Editor in 0.00 ms.
Invoked RoslynAnalysisRunner static constructor.
RoslynAnalysisRunner will not be running.
RoslynAnalysisRunner has terminated.
Mono: successfully reloaded assembly
- Completed reload, in  1.083 seconds
Platform modules already initialized, skipping
========================================================================
Worker process is ready to serve import requests
Launched and connected shader compiler UnityShaderCompiler.exe after 0.07 seconds
Refreshing native plugins compatible for Editor in 0.39 ms, found 1 plugins.
Preloading 0 native plugins for Editor in 0.00 ms.
Unloading 1810 Unused Serialized files (Serialized files now loaded: 0)
System memory in use before: 85.0 MB.
System memory in use after: 85.1 MB.

Unloading 19 unused Assets to reduce memory usage. Loaded Objects now: 2257.
Total: 3.398900 ms (FindLiveObjects: 0.196600 ms CreateObjectMapping: 0.064000 ms MarkObjects: 3.058000 ms  DeleteObjects: 0.078900 ms)

========================================================================
Received Import Request.
  path: Assets/Items/#1 - Transparent Icons.png
  artifactKey: Guid(cb70f6d8d6908e248817bc3b571aa077) Importer(815301076,1909f56bfc062723c751e8b465ee728b)
Start importing Assets/Items/#1 - Transparent Icons.png using Guid(cb70f6d8d6908e248817bc3b571aa077) Importer(815301076,1909f56bfc062723c751e8b465ee728b)  -> (artifact id: 'acdf79436bb8d4b266841304e0358794') in 0.684060 seconds
  Import took 0.688585 seconds .

========================================================================
Received Import Request.
  Time since last request: 52.352489 seconds.
  path: Assets/Items/#1 - Transparent Icons.png
  artifactKey: Guid(cb70f6d8d6908e248817bc3b571aa077) Importer(815301076,1909f56bfc062723c751e8b465ee728b)
Start importing Assets/Items/#1 - Transparent Icons.png using Guid(cb70f6d8d6908e248817bc3b571aa077) Importer(815301076,1909f56bfc062723c751e8b465ee728b)  -> (artifact id: 'a409bfb921ed3f56243695c4f3069f37') in 0.506353 seconds
  Import took 0.511791 seconds .

========================================================================
Received Import Request.
  Time since last request: 17.044375 seconds.
  path: Assets/Items/#1 - Transparent Icons.png
  artifactKey: Guid(cb70f6d8d6908e248817bc3b571aa077) Importer(815301076,1909f56bfc062723c751e8b465ee728b)
Start importing Assets/Items/#1 - Transparent Icons.png using Guid(cb70f6d8d6908e248817bc3b571aa077) Importer(815301076,1909f56bfc062723c751e8b465ee728b)  -> (artifact id: '0ac1b4bb4de0d13b4a9158cdfec4d4f7') in 0.599370 seconds
  Import took 0.604085 seconds .

========================================================================
Received Import Request.
  Time since last request: 154.986529 seconds.
  path: Assets/Scripts
  artifactKey: Guid(4327ac92dff55494e9bafab1ff814a12) Importer(815301076,1909f56bfc062723c751e8b465ee728b)
Start importing Assets/Scripts using Guid(4327ac92dff55494e9bafab1ff814a12) Importer(815301076,1909f56bfc062723c751e8b465ee728b)  -> (artifact id: '21e11410f27ae7f672b44cac187b7861') in 0.002437 seconds
  Import took 0.006701 seconds .

========================================================================
Received Import Request.
  Time since last request: 15.639497 seconds.
  path: Assets/Scripts/Movement.cs
  artifactKey: Guid(634ab04af9a3d31478ecd9187c9a8ba6) Importer(815301076,1909f56bfc062723c751e8b465ee728b)
Start importing Assets/Scripts/Movement.cs using Guid(634ab04af9a3d31478ecd9187c9a8ba6) Importer(815301076,1909f56bfc062723c751e8b465ee728b)  -> (artifact id: 'e1ad79d35f73bf22d506a4c806f4bbc7') in 0.007745 seconds
  Import took 0.011607 seconds .

========================================================================
Received Prepare
Registering precompiled user dll's ...
Registered in 0.001032 seconds.
Begin MonoManager ReloadAssembly
Native extension for WindowsStandalone target not found
Native extension for WebGL target not found
Refreshing native plugins compatible for Editor in 0.38 ms, found 1 plugins.
Preloading 0 native plugins for Editor in 0.00 ms.
Invoked RoslynAnalysisRunner static constructor.
RoslynAnalysisRunner will not be running.
RoslynAnalysisRunner has terminated.
Mono: successfully reloaded assembly
- Completed reload, in  0.985 seconds
Platform modules already initialized, skipping
Refreshing native plugins compatible for Editor in 0.39 ms, found 1 plugins.
Preloading 0 native plugins for Editor in 0.00 ms.
Unloading 1801 Unused Serialized files (Serialized files now loaded: 0)
System memory in use before: 88.0 MB.
System memory in use after: 88.1 MB.

Unloading 7 unused Assets to reduce memory usage. Loaded Objects now: 2467.
Total: 2.723800 ms (FindLiveObjects: 0.309200 ms CreateObjectMapping: 0.113200 ms MarkObjects: 2.266800 ms  DeleteObjects: 0.033200 ms)

AssetImportWorkerClient::OnTransportError - code=2 error=End of file
